<?xml version="1.0" encoding="UTF-8"?>
<testng-results skipped="0" failed="0" total="1" passed="1">
  <reporter-output>
  </reporter-output>
  <suite name="Suite" duration-ms="36895" started-at="2018-12-04T11:04:20Z" finished-at="2018-12-04T11:04:57Z">
    <groups>
    </groups>
    <test name="Test" duration-ms="36895" started-at="2018-12-04T11:04:20Z" finished-at="2018-12-04T11:04:57Z">
      <class name="com.quali.practpack.Verify">
        <test-method status="PASS" signature="log()[pri:0, instance:com.quali.practpack.Verify@1324409e]" name="log" is-config="true" duration-ms="36879" started-at="2018-12-04T16:34:20Z" finished-at="2018-12-04T16:34:57Z">
          <reporter-output>
          </reporter-output>
        </test-method> <!-- log -->
        <test-method status="PASS" signature="loggedVerify()[pri:0, instance:com.quali.practpack.Verify@1324409e]" name="loggedVerify" duration-ms="0" started-at="2018-12-04T16:34:57Z" finished-at="2018-12-04T16:34:57Z">
          <reporter-output>
          </reporter-output>
        </test-method> <!-- loggedVerify -->
      </class> <!-- com.quali.practpack.Verify -->
    </test> <!-- Test -->
  </suite> <!-- Suite -->
</testng-results>
